2017-12-15 23:12:07 INFO  CollectionHashMapCustomeKey:93 - Retrive existing value=> null
2017-12-15 23:12:07 INFO  CollectionHashMapCustomeKey:98 - false Reference
2017-12-15 23:12:16 INFO  CollectionHashMapCustomeKey:62 - 32 33 32 false false
2017-12-15 23:12:16 INFO  CollectionHashMapCustomeKey:73 - 3
2017-12-15 23:12:16 INFO  CollectionHashMapCustomeKey:78 - hascode are not equal
2017-12-15 23:12:16 INFO  CollectionHashMapCustomeKey:81 - A_ONE4
2017-12-15 23:12:16 INFO  CollectionHashMapCustomeKey:82 - A_TWO
2017-12-15 23:12:16 INFO  CollectionHashMapCustomeKey:88 - false
2017-12-15 23:12:16 INFO  CollectionHashMapCustomeKey:90 - 32 33 32 32
2017-12-15 23:12:16 INFO  CollectionHashMapCustomeKey:93 - Retrive existing value=> null
2017-12-15 23:12:16 INFO  CollectionHashMapCustomeKey:98 - false Reference
2017-12-15 23:12:42 INFO  CollectionHashMapCustomeKey:62 - 32 33 32 true false
2017-12-15 23:12:42 INFO  CollectionHashMapCustomeKey:73 - 2
2017-12-15 23:12:42 INFO  CollectionHashMapCustomeKey:78 - hascode are not equal
2017-12-15 23:12:42 INFO  CollectionHashMapCustomeKey:81 - A_TWO
2017-12-15 23:12:42 INFO  CollectionHashMapCustomeKey:82 - A_TWO
2017-12-15 23:12:42 INFO  CollectionHashMapCustomeKey:88 - true
2017-12-15 23:12:42 INFO  CollectionHashMapCustomeKey:90 - 32 33 32 32
2017-12-15 23:12:42 INFO  CollectionHashMapCustomeKey:93 - Retrive existing value=> A_TWO
2017-12-15 23:12:42 INFO  CollectionHashMapCustomeKey:98 - false Reference
2017-12-15 23:15:56 INFO  CollectionHashMapCustomeKey:62 - 1 1 1 true false
2017-12-15 23:15:56 INFO  CollectionHashMapCustomeKey:73 - 2
2017-12-15 23:15:56 INFO  CollectionHashMapCustomeKey:78 - hascode are not equal
2017-12-15 23:15:56 INFO  CollectionHashMapCustomeKey:81 - A_TWO
2017-12-15 23:15:56 INFO  CollectionHashMapCustomeKey:82 - A_TWO
2017-12-15 23:15:56 INFO  CollectionHashMapCustomeKey:88 - true
2017-12-15 23:15:56 INFO  CollectionHashMapCustomeKey:90 - 1 1 1 1
2017-12-15 23:15:56 INFO  CollectionHashMapCustomeKey:93 - Retrive existing value=> A_TWO
2017-12-15 23:15:56 INFO  CollectionHashMapCustomeKey:98 - false Reference
